app/build/intermediates/manifest_merge_blame_file/debug/manifest-merger-blame-debug-report.txt
1<?xml version="1.0" encoding="utf-8"?>
2<manifest xmlns:android="http://schemas.android.com/apk/res/android"
3    package="android.example.todoapplication"
4    android:versionCode="1"
5    android:versionName="1.0" >
6
7    <uses-sdk
8        android:minSdkVersion="19"
8-->src\main\AndroidManifest.xml
9        android:targetSdkVersion="29" />
9-->src\main\AndroidManifest.xml
10
11    <application
11-->src\main\AndroidManifest.xml:6:5-25:19
12        android:allowBackup="true"
12-->src\main\AndroidManifest.xml:7:9-35
13        android:appComponentFactory="androidx.core.app.CoreComponentFactory"
13-->[androidx.core:core:1.0.1] AndroidManifest.xml:22:18-86
14        android:debuggable="true"
15        android:icon="@mipmap/ic_launcher"
15-->src\main\AndroidManifest.xml:8:9-43
16        android:label="@string/app_name"
16-->src\main\AndroidManifest.xml:9:9-41
17        android:roundIcon="@mipmap/ic_launcher_round"
17-->src\main\AndroidManifest.xml:10:9-54
18        android:supportsRtl="true"
18-->src\main\AndroidManifest.xml:11:9-35
19        android:theme="@style/AppTheme" >
19-->src\main\AndroidManifest.xml:12:9-40
20        <activity
20-->src\main\AndroidManifest.xml:14:9-21:20
21            android:name="android.example.todoapplication.MainActivity"
21-->src\main\AndroidManifest.xml:14:19-47
22            android:launchMode="singleTop" >
22-->src\main\AndroidManifest.xml:15:13-43
23            <intent-filter>
23-->src\main\AndroidManifest.xml:16:13-20:29
24                <action android:name="android.intent.action.MAIN" />
24-->src\main\AndroidManifest.xml:17:17-69
24-->src\main\AndroidManifest.xml:17:25-66
25
26                <category android:name="android.intent.category.LAUNCHER" />
26-->src\main\AndroidManifest.xml:19:17-77
26-->src\main\AndroidManifest.xml:19:27-74
27            </intent-filter>
28        </activity>
29        <activity
29-->src\main\AndroidManifest.xml:22:9-23:58
30            android:name="android.example.todoapplication.AddEditNoteActivity"
30-->src\main\AndroidManifest.xml:22:19-54
31            android:parentActivityName="android.example.todoapplication.MainActivity" />
31-->src\main\AndroidManifest.xml:23:13-55
32
33        <service
33-->[androidx.room:room-runtime:2.2.3] AndroidManifest.xml:25:9-27:40
34            android:name="androidx.room.MultiInstanceInvalidationService"
34-->[androidx.room:room-runtime:2.2.3] AndroidManifest.xml:26:13-74
35            android:exported="false" />
35-->[androidx.room:room-runtime:2.2.3] AndroidManifest.xml:27:13-37
36
37        <provider
37-->[androidx.lifecycle:lifecycle-process:2.1.0] AndroidManifest.xml:23:9-27:43
38            android:name="androidx.lifecycle.ProcessLifecycleOwnerInitializer"
38-->[androidx.lifecycle:lifecycle-process:2.1.0] AndroidManifest.xml:24:13-79
39            android:authorities="android.example.todoapplication.lifecycle-process"
39-->[androidx.lifecycle:lifecycle-process:2.1.0] AndroidManifest.xml:25:13-69
40            android:exported="false"
40-->[androidx.lifecycle:lifecycle-process:2.1.0] AndroidManifest.xml:26:13-37
41            android:multiprocess="true" />
41-->[androidx.lifecycle:lifecycle-process:2.1.0] AndroidManifest.xml:27:13-40
42    </application>
43
44</manifest>